<?xml version="1.0" encoding="UTF-8"?>
<coverage generated="1501081657">
  <project timestamp="1501081657">
    <package name="AdService">
      <file name="/home/git/bigfile/src/BigFile.php">
        <class name="BigFile" namespace="AdService">
          <metrics methods="5" coveredmethods="4" conditionals="0" coveredconditionals="0" statements="44" coveredstatements="43" elements="49" coveredelements="47"/>
        </class>
        <line num="31" type="method" name="__construct" crap="3" count="4"/>
        <line num="33" type="stmt" count="4"/>
        <line num="34" type="stmt" count="4"/>
        <line num="36" type="stmt" count="1"/>
        <line num="40" type="stmt" count="3"/>
        <line num="43" type="stmt" count="4"/>
        <line num="45" type="stmt" count="1"/>
        <line num="48" type="stmt" count="4"/>
        <line num="49" type="stmt" count="4"/>
        <line num="60" type="method" name="addrecord" crap="1" count="4"/>
        <line num="62" type="stmt" count="4"/>
        <line num="63" type="stmt" count="4"/>
        <line num="64" type="stmt" count="4"/>
        <line num="65" type="stmt" count="4"/>
        <line num="66" type="stmt" count="4"/>
        <line num="67" type="stmt" count="4"/>
        <line num="78" type="method" name="getrecord" crap="1" count="1"/>
        <line num="80" type="stmt" count="1"/>
        <line num="81" type="stmt" count="1"/>
        <line num="82" type="stmt" count="1"/>
        <line num="83" type="stmt" count="1"/>
        <line num="84" type="stmt" count="1"/>
        <line num="85" type="stmt" count="1"/>
        <line num="98" type="method" name="update" crap="1" count="1"/>
        <line num="100" type="stmt" count="1"/>
        <line num="101" type="stmt" count="1"/>
        <line num="102" type="stmt" count="1"/>
        <line num="103" type="stmt" count="1"/>
        <line num="104" type="stmt" count="1"/>
        <line num="105" type="stmt" count="1"/>
        <line num="106" type="stmt" count="1"/>
        <line num="107" type="stmt" count="1"/>
        <line num="108" type="stmt" count="1"/>
        <line num="117" type="method" name="getRecords" crap="4.00" count="3"/>
        <line num="119" type="stmt" count="3"/>
        <line num="121" type="stmt" count="3"/>
        <line num="122" type="stmt" count="3"/>
        <line num="124" type="stmt" count="0"/>
        <line num="127" type="stmt" count="3"/>
        <line num="129" type="stmt" count="3"/>
        <line num="131" type="stmt" count="3"/>
        <line num="132" type="stmt" count="3"/>
        <line num="133" type="stmt" count="3"/>
        <line num="134" type="stmt" count="3"/>
        <line num="136" type="stmt" count="3"/>
        <line num="139" type="stmt" count="3"/>
        <line num="140" type="stmt" count="3"/>
        <line num="143" type="stmt" count="3"/>
        <line num="145" type="stmt" count="3"/>
        <metrics loc="151" ncloc="92" classes="1" methods="5" coveredmethods="4" conditionals="0" coveredconditionals="0" statements="44" coveredstatements="43" elements="49" coveredelements="47"/>
      </file>
    </package>
    <metrics files="1" loc="151" ncloc="92" classes="1" methods="5" coveredmethods="4" conditionals="0" coveredconditionals="0" statements="44" coveredstatements="43" elements="49" coveredelements="47"/>
  </project>
</coverage>
